c:\users\runer\documents\uhasselt\informatica bach 2\computer graphics\oefeningen\computer graphics opengl\x64\debug\vc143.pdb
c:\users\runer\documents\uhasselt\informatica bach 2\computer graphics\oefeningen\computer graphics opengl\x64\debug\vc143.idb
c:\users\runer\documents\uhasselt\informatica bach 2\computer graphics\oefeningen\computer graphics opengl\x64\debug\glad.obj
c:\users\runer\documents\uhasselt\informatica bach 2\computer graphics\oefeningen\computer graphics opengl\x64\debug\stb_image.obj
c:\users\runer\documents\uhasselt\informatica bach 2\computer graphics\oefeningen\computer graphics opengl\x64\debug\shader.obj
c:\users\runer\documents\uhasselt\informatica bach 2\computer graphics\oefeningen\computer graphics opengl\x64\debug\main.obj
c:\users\runer\documents\uhasselt\informatica bach 2\computer graphics\oefeningen\computer graphics opengl\x64\debug\computer graphics opengl.exe
c:\users\runer\documents\uhasselt\informatica bach 2\computer graphics\oefeningen\computer graphics opengl\x64\debug\computer graphics opengl.ilk
c:\users\runer\documents\uhasselt\informatica bach 2\computer graphics\oefeningen\computer graphics opengl\x64\debug\computer graphics opengl.pdb
c:\users\jaspe\desktop\computer graphics opengl\x64\debug\glad.obj
c:\users\jaspe\desktop\computer graphics opengl\x64\debug\main.obj
c:\users\jaspe\desktop\computer graphics opengl\x64\debug\shader.obj
c:\users\jaspe\desktop\computer graphics opengl\x64\debug\stb_image.obj
c:\users\jaspe\desktop\computer graphics opengl\x64\debug\computer graphics opengl.ilk
c:\users\jaspe\desktop\computer graphics opengl\x64\debug\vc143.idb
c:\users\jaspe\desktop\computer graphics opengl\x64\debug\computer graphics opengl.pdb
c:\users\jaspe\desktop\computer graphics opengl\x64\debug\vc143.pdb
c:\users\jaspe\desktop\computer graphics opengl\x64\debug\computer graphics opengl.exe
c:\users\jaspe\desktop\computer graphics opengl\x64\debug\computer.a923fa90.tlog\cl.command.1.tlog
c:\users\jaspe\desktop\computer graphics opengl\x64\debug\computer.a923fa90.tlog\cl.read.1.tlog
c:\users\jaspe\desktop\computer graphics opengl\x64\debug\computer.a923fa90.tlog\cl.write.1.tlog
c:\users\jaspe\desktop\computer graphics opengl\x64\debug\computer.a923fa90.tlog\link.command.1.tlog
c:\users\jaspe\desktop\computer graphics opengl\x64\debug\computer.a923fa90.tlog\link.read.1.tlog
c:\users\jaspe\desktop\computer graphics opengl\x64\debug\computer.a923fa90.tlog\link.write.1.tlog
